Message: 1008c 2025
Message: 1008c 2026
Message: 1008c 2029
Message: 1008a 2025
Message: 1008a 2026
Message: 1008a 2029
Message: 10090 2025
Message: 10090 2026
Message: 10090 2029
Message: 10092 2025
Message: 10092 2026
Message: 10092 2029
Message: 100b6 2025
Message: 100b6 2026
Message: 100b6 2029
Message: 100d6 2025
Message: 100d6 2026
Message: 100d6 2029
Message: 10100 2025
Message: 10100 2026
Message: 10100 2029
Message: 1014e 2025
Message: 1014e 2026
Message: 1014e 2029
Message: 10150 2025
Message: 10150 2026
Message: 10150 2029
Message: 10190 2025
Message: 10190 2026
Message: 10190 2029
Message: 10192 2025
Message: 10192 2026
Message: 10192 2029
Message: 10194 2025
Message: 10194 2026
Message: 10194 2029
Message: 1019c 2025
Message: 1019c 2026
Message: 1019c 2029
Message: 101a2 2025
Message: 101a2 2029
Message: 101a2 2026
Message: 101b6 2025
Message: 1020c 2025
Message: 1020c 2029
Message: 1020c 2026
Message: 1022e 2025
Message: 1022e 2029
Message: 1022e 2026
Message: 1025e 2025
Message: 1027a 2025
Message: 1027a 2026
Message: 1027a 2029
Message: 102ae 2025
Message: 102ae 2026
Message: 102ae 2029
Message: 102e0 2025
Message: 102e0 2026
Message: 102e0 2029
Message: 10300 2025
Message: 10300 2026
Message: 10300 2029
Message: 10324 2025
Message: 10324 2026
Message: 10324 2029
Message: 10350 2025
Message: 10350 2026
Message: 10350 2029
Message: 1036e 2025
Message: 1036e 2026
Message: 1036e 2029
Message: 10394 2025
Message: 10394 2026
Message: 10394 2029
Message: 103bc 2025
Message: 103bc 2026
Message: 103bc 2029
Message: 1040c 2025
Message: 1040c 2026
Message: 1040c 2029
Message: 10440 2025
Message: 10440 2026
Message: 10440 2029
Message: 10472 2025
Message: 10472 2026
Message: 10472 2029
Message: 104a2 2025
Message: 104a2 2026
Message: 104a2 2029
Message: 104ae 2025
Message: 104ae 2026
Message: 104ae 2029
Message: 104e8 2025
Message: 104e8 2026
Message: 104e8 2029
Message: 1006a 2029
Message: 1006a 2026
Message: 1006a 2027
Message: 1006a 2026
Message: 1006a 2029
Message: 10058 2036
Message: 10058 2036
Message: 1008c 512
Message: 1006a 15
Message: 10088 15
Message: 10086 15
Message: 10084 15
Message: 10082 15
Message: 10080 15
Message: 1007e 15
Message: 1007c 15
Message: 1007a 15
Message: 10078 15
Message: 10076 15
Message: 10074 15
Message: 10072 15
Message: 10070 15
Message: 1008a 15
Message: 1008e 15
Message: 1008c 15
Message: 10514 2025
Message: 10522 2025
Message: 10522 2026
Message: 10522 2029
Message: 10514 2026
Message: 10514 2029
Message: 10514 2027
Message: 10058 2036
Message: 10514 15
Message: 10522 15
Message: 10520 15
Message: 1051e 15
Message: 1051c 15
Message: 1051a 15
Message: 10514 512
Message: 10514 512
Message: 10514 512
Message: 10514 512
Message: 10514 512
Message: 10514 512
Message: 10514 512
Message: 10522 512
Message: 10522 512
Message: 10522 512
Message: 10522 512
Message: 10522 512
Message: 10522 512
Message: 10522 512
Message: 10522 512
Message: 10522 512
Message: 10522 512
Message: 10522 512
Message: 10522 512
Message: 10522 512
Message: 10522 512
Message: 10522 512
Message: 10522 512
Message: 10522 512
Message: 10522 512
Message: 10522 512
Message: 10514 512
Message: 10514 512
Message: 10514 274
Message: 10514 512
Message: 10514 512
Message: 10514 512
Message: 10514 512
Message: 10522 512
Message: 10522 512
Message: 10522 512
Message: 10522 512
Message: 10522 512
Message: 10522 160
Message: 10514 512
Message: 10514 512
Message: 10514 512
Message: 10514 512
Message: 10514 512
Message: 10514 512
Message: 10514 512
Message: 10514 512
Message: 10514 512
Message: 10514 512
Message: 10514 512
Message: 10520 512
Message: 10520 512
Message: 10520 512
Message: 10520 512
Message: 10520 512
Message: 10520 512
Message: 10520 512
Message: 10520 512
Message: 10520 513
Message: 10520 514
Message: 10514 2031
Message: 20514 2025
Message: 20522 2025
Message: 20522 2026
Message: 20522 2029
Message: 20514 2026
Message: 20514 2029
Message: 20514 2027
Message: 20514 15
Message: 20522 15
Message: 20520 15
Message: 2051e 15
Message: 2051c 15
Message: 2051a 15
Message: 20514 512
Message: 20514 512
Message: 20514 512
Message: 2051e 512
Message: 2051e 512
Message: 20514 512
Message: 20514 512
Message: 20514 512
Message: 20514 512
Message: 20514 512
Message: 20514 512
Message: 20520 512
Message: 20520 512
Message: 20520 512
Message: 20514 512
Message: 20514 512
Message: 20514 512
Message: 20522 512
Message: 20522 512
Message: 20522 512
Message: 20522 512
Message: 20522 512
Message: 20522 512
Message: 20522 512
Message: 20522 512
Message: 20522 512
Message: 20522 512
Message: 20522 512
Message: 20522 512
Message: 20522 512
Message: 20522 512
Message: 20522 512
Message: 20522 512
Message: 20522 512
Message: 20514 512
Message: 20514 512
Message: 20514 512
Message: 20514 512
Message: 20514 512
Message: 20514 512
Message: 20514 512
Message: 20514 512
Message: 20514 512
Message: 20514 512
Message: 20514 512
Message: 20514 512
Message: 20514 512
Message: 20514 512
Message: 20514 512
Message: 20514 512
Message: 20514 512
Message: 20514 512
Message: 20514 512
Message: 20514 512
Message: 20514 512
Message: 20514 512
Message: 20514 512
Message: 20514 512
Message: 20514 512
Message: 20514 512
Message: 20514 512
Message: 20514 512
Message: 20514 512
Message: 20514 512
Message: 20514 512
Message: 20514 512
Message: 20514 512
Message: 20514 512
Message: 20514 512
Message: 20514 512
Message: 20514 512
Message: 20514 512
Message: 20514 512
Message: 20514 512
Message: 20514 512
Message: 20514 512
Message: 20522 512
Message: 20522 512
Message: 20522 512
Message: 20522 512
Message: 20522 512
Message: 20522 512
Message: 20522 512
Message: 20522 512
Message: 20522 512
Message: 20522 512
Message: 20522 512
Message: 20522 512
Message: 20522 512
Message: 20522 512
Message: 20522 512
Message: 20522 512
Message: 20522 512
Message: 20522 512
Message: 20522 512
Message: 20522 512
Message: 20522 512
Message: 20522 512
Message: 20522 512
Message: 20522 512
Message: 20522 512
Message: 20514 512
Message: 20514 512
Message: 20514 512
Message: 20514 512
Message: 20514 512
Message: 20514 512
Message: 20514 512
Message: 20514 512
Message: 20514 512
Message: 20514 512
Message: 20520 512
Message: 20520 512
Message: 20514 512
Message: 20514 512
Message: 20514 512
Message: 20514 512
Message: 20514 512
Message: 20514 512
Message: 20514 512
Message: 20514 512
Message: 20514 512
Message: 20514 512
Message: 20514 512
Message: 20514 512
Message: 2051e 512
Message: 2051e 512
Message: 2051e 512
Message: 2051e 512
Message: 2051e 512
Message: 2051e 512
Message: 2051e 512
Message: 2051e 512
Message: 2051e 512
Message: 2051e 512
Message: 2051e 512
Message: 2051e 512
Message: 2051e 512
Message: 2051e 512
Message: 2051e 512
Message: 2051e 512
Message: 2051e 512
Message: 2051e 512
Message: 2051e 512
Message: 2051e 512
Message: 20514 512
Message: 20514 512
Message: 20514 512
Message: 20514 512
Message: 20514 512
Message: 2051e 512
Message: 2051e 513
Message: 2051e 514
Message: 20514 2031
Message: 1008c 512
Message: 204a2 2025
Message: 204a2 2026
Message: 204a2 2029
Message: 2050c 2025
Message: 2050c 2026
Message: 2050c 2029
Message: 204ba 2025
Message: 204ba 2026
Message: 204ba 2029
Message: 204ce 2025
Message: 304d2 2025
Message: 404d4 2025
Message: 504e0 2025
Message: 60514 2025
Message: 60514 2026
Message: 60514 2029
Message: 1008a 512
Message: 1006a 15
Message: 10088 15
Message: 1008a 15
Message: 1008e 15
Message: 1008c 15
Message: 1008a 512
Message: 1008a 512
Message: 1008a 512
Message: 1008a 512
Message: 1008a 512
Message: 1008a 512
Message: 1008a 512
Message: 1008a 512
Message: 1008a 512
Message: 1008a 512
Message: 1008a 512
Message: 1008a 512
Message: 1008a 512
Message: 1008a 512
Message: 1008a 512
Message: 1007a 512
Message: 1007a 512
Message: 1007a 512
Message: 1006a 512
Message: 10078 512
Message: 1006a 512
Message: 1006a 512
Message: 1006a 512
Message: 1006a 512
Message: 1006a 512
Message: 1006a 512
Message: 1006a 512
Message: 1006a 512
Message: 10078 512
Message: 10078 512
Message: 10078 512
Message: 10078 512
Message: 10078 512
Message: 10078 512
Message: 10078 512
Message: 10078 512
Message: 10078 512
Message: 1006a 512
Message: 1006a 512
Message: 1006a 512
Message: 1006a 512
Message: 1006a 512
Message: 1006a 513
Message: 1006a 514
Message: 1006a 512
Message: 1006a 512
Message: 1006a 512
Message: 1006a 512
Message: 1006a 512
Message: 10078 512
Message: 10078 512
Message: 10078 512
Message: 10078 512
Message: 10078 512
Message: 10078 512
Message: 10078 512
Message: 10078 512
Message: 10078 512
Message: 10078 512
Message: 10078 513
Message: 10078 514
Message: 1006a 2031
Message: 10078 512
Message: 10078 15
Message: 304ba 2025
Message: 304ba 2026
Message: 304ba 2029
Message: 1006a 15
Message: 10088 15
Message: 100d6 15
Message: 304ba 15
Message: 304cc 15
Message: 304ca 15
Message: 304c8 15
Message: 304c6 15
Message: 304c4 15
Message: 304c2 15
Message: 304c0 15
Message: 304be 15
Message: 304bc 15
Message: 100fe 15
Message: 100f8 15
Message: 100e4 15
Message: 100e2 15
Message: 100e0 15
Message: 100de 15
Message: 100dc 15
Message: 100da 15
Message: 100d8 15
Message: 10078 512
Message: 10078 512
Message: 10078 512
Message: 10078 512
Message: 10078 512
Message: 10078 512
Message: 10078 512
Message: 10078 512
Message: 10078 512
Message: 10078 512
Message: 10078 512
Message: 10078 512
Message: 10078 512
Message: 10078 512
Message: 1006a 512
Message: 1006a 512
Message: 1006a 512
Message: 1006a 512
Message: 1006a 512
Message: 100d6 512
Message: 100d6 512
Message: 100d6 512
Message: 100d6 512
Message: 100d6 512
Message: 100d6 512
Message: 100d6 512
Message: 100d6 512
Message: 100d6 512
Message: 100d6 512
Message: 100d6 512
Message: 100d6 512
Message: 100d6 512
Message: 100d6 512
Message: 100d6 512
Message: 100d6 512
Message: 100d6 512
Message: 100d6 512
Message: 100d6 512
Message: 100d6 512
Message: 100d6 512
Message: 100d6 512
Message: 100d6 512
Message: 100d6 512
Message: 100d6 512
Message: 100d6 512
Message: 1006a 512
Message: 1007c 512
Message: 1007c 512
Message: 1007c 512
Message: 1007c 512
Message: 1007c 512
Message: 1007e 512
Message: 1007e 512
Message: 1007e 512
Message: 1007e 512
Message: 1007c 512
Message: 1006a 512
Message: 1006a 512
Message: 1006a 512
Message: 1006a 512
Message: 10072 512
Message: 10072 512
Message: 1006a 512
Message: 1006a 512
Message: 10070 512
Message: 10070 512
Message: 10070 512
Message: 10070 512
Message: 10070 512
Message: 10070 512
Message: 10070 512
Message: 10070 512
Message: 10070 512
Message: 10070 512
Message: 10070 512
Message: 10070 512
Message: 10070 512
Message: 10070 512
Message: 10070 512
Message: 10070 512
Message: 10070 512
Message: 10070 512
Message: 10070 512
Message: 10070 512
Message: 10070 512
Message: 10070 512
Message: 10070 512
Message: 10070 512
Message: 10070 512
Message: 10070 512
Message: 1006a 512
Message: 1006a 512
Message: 100d6 512
Message: 100d6 512
Message: 100d6 512
Message: 100f8 512
Message: 100f8 512
Message: 100d6 512
Message: 100d6 512
Message: 100d6 512
Message: 100d6 512
Message: 100d6 512
Message: 100d6 512
Message: 100d6 512
Message: 100d6 512
Message: 100d6 512
Message: 100d6 512
Message: 100d6 512
Message: 100d6 512
Message: 100d6 512
Message: 100d6 512
Message: 100d6 512
Message: 100d6 512
Message: 100d6 512
Message: 100d6 512
Message: 100d6 512
Message: 100d6 512
Message: 100d6 512
Message: 100d6 512
Message: 100d6 512
Message: 100d6 512
Message: 100d6 512
Message: 100d6 512
Message: 100d6 512
Message: 100d6 512
Message: 100d6 512
Message: 100d6 512
Message: 100d6 512
Message: 100d6 512
Message: 100d6 512
Message: 100d6 512
Message: 100d6 512
Message: 100d6 512
Message: 100f8 512
Message: 100f8 512
Message: 100f8 512
Message: 100f8 512
Message: 100f8 512
Message: 100f8 512
Message: 100f8 512
Message: 100f8 512
Message: 100f8 512
Message: 100f8 513
Message: 100fa 15
Message: 10078 15
Message: 100f8 514
Message: 100fa 512
Message: 100fa 512
Message: 100fa 512
Message: 100fa 512
Message: 100fa 512
Message: 100fa 512
Message: 100fa 512
Message: 100fa 512
Message: 100fa 512
Message: 100fa 512
Message: 100fa 512
Message: 100fa 512
Message: 100fa 512
Message: 100fa 512
Message: 100fa 512
Message: 100fa 512
Message: 100fa 512
Message: 100fa 512
Message: 100fa 512
Message: 100fa 512
Message: 100fa 513
Message: 100fa 514
Message: 100d6 2031
Message: 404ba 2025
Message: 404ba 2026
Message: 404ba 2029
Message: 100d6 512
Message: 100d6 15
Message: 404ba 15
Message: 404cc 15
Message: 404ca 15
Message: 404c8 15
Message: 404c6 15
Message: 404c4 15
Message: 404c2 15
Message: 404c0 15
Message: 404be 15
Message: 404bc 15
Message: 100e2 15
Message: 100d8 15
Message: 100d6 512
Message: 100d6 512
Message: 100d6 512
Message: 100d6 512
Message: 100d6 512
Message: 100d6 512
Message: 100d6 512
Message: 100d6 512
Message: 100d6 512
Message: 100d6 512
Message: 100d6 512
Message: 100d6 512
Message: 100d6 512
Message: 100d6 512
Message: 100d6 512
Message: 100d6 512
Message: 100d6 512
Message: 100d6 512
Message: 100d6 512
Message: 100d6 512
Message: 100d6 512
Message: 100d6 512
Message: 100d6 512
Message: 100d6 512
Message: 100d6 512
Message: 100d6 512
Message: 100d6 512
Message: 100d6 512
Message: 100d6 512
Message: 100d6 512
Message: 100d6 512
Message: 100d6 512
Message: 100d6 512
Message: 100d6 512
Message: 100da 512
Message: 100da 512
Message: 100da 512
Message: 100da 512
Message: 100da 512
Message: 100da 512
Message: 100da 512
Message: 100da 512
Message: 100da 512
Message: 100da 512
Message: 100da 512
Message: 100da 512
Message: 100da 512
Message: 100da 512
Message: 100da 512
Message: 100da 512
Message: 100da 512
Message: 100da 512
Message: 100da 512
Message: 100da 512
Message: 100da 512
Message: 100da 513
Message: 100f8 15
Message: 100da 514
Message: 100d6 2031
Message: 100d6 512
Message: 100d6 512
Message: 100d6 512
Message: 100d6 512
Message: 100d6 512
Message: 100d6 512
Message: 100d6 512
Message: 100d6 512
Message: 100d6 512
Message: 100d6 512
Message: 100d6 512
Message: 100d6 512
Message: 100d6 512
Message: 100d6 512
Message: 100d6 512
Message: 100d6 512
Message: 100d6 512
Message: 100d6 512
Message: 100d6 512
Message: 100d6 512
Message: 100d6 512
Message: 100d6 512
Message: 100d6 512
Message: 100d6 512
Message: 100d6 512
Message: 100d6 512
Message: 100d6 512
Message: 100d6 512
Message: 100d6 512
Message: 100d6 512
Message: 100d6 512
Message: 100d6 512
Message: 100d6 512
Message: 100d6 512
Message: 100d6 512
Message: 100d6 512
Message: 100d6 512
Message: 100d6 512
Message: 100d6 512
Message: 100d6 512
Message: 100d6 512
Message: 100d6 512
Message: 100d6 512
Message: 100d6 512
Message: 100d6 512
Message: 100d6 512
Message: 100d6 512
Message: 100d6 512
Message: 100d6 512
Message: 100d6 512
Message: 100d6 512
Message: 100d6 512
Message: 100d6 512
Message: 100d6 512
Message: 100d6 512
Message: 100d6 512
Message: 100d6 512
Message: 100d6 512
Message: 100d6 512
Message: 100d6 512
Message: 100d6 512
Message: 100d6 512
Message: 100d6 512
Message: 100d6 512
Message: 100d6 512
Message: 100d6 512
Message: 100d6 512
Message: 100d6 512
Message: 100d6 512
Message: 100d6 512
Message: 100d6 512
Message: 100d6 512
Message: 100d6 512
Message: 100d6 512
Message: 100d6 512
Message: 100d6 512
Message: 100d6 512
Message: 100d6 512
Message: 100d6 512
Message: 100d6 512
Message: 100d6 512
Message: 100d6 512
Message: 100d6 512
Message: 100d6 512
Message: 100d6 512
Message: 100d6 512
Message: 100d6 512
Message: 100d6 512
Message: 100d6 512
Message: 100d6 512
Message: 100d6 512
Message: 100d6 512
Message: 100d6 512
Message: 100d6 512
Message: 100d6 512
Message: 100d6 512
Message: 100d6 512
Message: 100d6 512
Message: 100d6 512
Message: 100d6 512
Message: 100d6 512
Message: 100d6 512
Message: 100d6 512
Message: 100d6 512
Message: 100d6 512
Message: 100d6 512
Message: 100d6 512
Message: 100d6 512
Message: 100d6 512
Message: 100d6 512
Message: 100d6 512
Message: 100d6 512
Message: 100d6 512
Message: 100d6 512
Message: 100d6 512
Message: 100d6 512
Message: 100d6 512
Message: 100d6 512
Message: 100d6 512
Message: 100d6 512
Message: 100d6 512
Message: 100d6 512
Message: 100d6 512
Message: 100d6 512
Message: 100d6 512
Message: 100d6 512
Message: 100d6 512
Message: 100d6 512
Message: 100d6 512
Message: 100d6 512
Message: 100d6 512
Message: 100d6 512
Message: 100d6 512
Message: 100d6 512
Message: 100d6 512
Message: 100d6 512
Message: 100d6 512
Message: 100d6 512
Message: 100d6 512
Message: 100d6 512
Message: 100d6 512
Message: 100d6 512
Message: 100d6 512
Message: 100d6 512
Message: 100d6 512
Message: 100d6 512
Message: 100d6 512
Message: 100d6 512
Message: 100d6 512
Message: 100d6 512
Message: 100d6 512
Message: 100d6 512
Message: 100d6 512
Message: 100d6 512
Message: 100d6 512
Message: 100d6 512
Message: 100d6 512
Message: 100d6 512
Message: 100d6 512
Message: 100d6 512
Message: 100d6 512
Message: 100d6 512
Message: 100d6 512
Message: 100d6 512
Message: 100d6 512
Message: 100d6 512
Message: 100d6 512
Message: 100d6 512
Message: 100d6 512
Message: 100d6 512
Message: 100d6 512
Message: 100d6 512
Message: 100d6 512
Message: 100d6 512
Message: 100d6 512
Message: 100d6 512
Message: 100d6 512
Message: 100d6 512
Message: 100d6 512
Message: 100d6 512
Message: 100d6 512
Message: 100d6 512
Message: 100d6 512
Message: 100d6 512
Message: 100d6 512
Message: 100d6 512
Message: 100d6 512
Message: 1006a 512
Message: 10076 512
Message: 10074 512
Message: 10074 512
Message: 10074 512
Message: 10074 512
Message: 10074 512
Message: 1006a 512
Message: 10072 512
Message: 10072 512
Message: 10072 512
Message: 10072 512
Message: 10072 512
Message: 10072 512
Message: 10072 512
Message: 10072 512
Message: 10072 512
Message: 10072 512
Message: 10072 512
Message: 10072 512
Message: 1006a 512
Message: 1006a 512
Message: 1006a 512
Message: 1006a 512
Message: 10070 512
Message: 10070 512
Message: 10070 512
Message: 10070 512
Message: 10070 512
Message: 10070 512
Message: 10070 512
Message: 10070 512
Message: 10070 512
Message: 10070 512
Message: 10070 512
Message: 10070 512
Message: 10070 512
Message: 10070 512
Message: 10070 512
Message: 10070 512
Message: 10070 512
Message: 10070 512
Message: 1006a 512
Message: 1006a 512
Message: 1006a 512
Message: 1006a 512
Message: 1006a 512
Message: 1006a 512
Message: 1006a 512
Message: 1006a 512
Message: 1006a 512
Message: 1006a 512
Message: 1006a 512
Message: 1006a 512
Message: 1006a 512
Message: 1006a 512
Message: 1006a 512
Message: 1006a 512
Message: 1006a 512
Message: 1006a 512
Message: 1006a 160
Message: 1006a 160
Message: 1006a 160
Message: 1006a 160
Message: 1006a 160
Message: 1006a 160
Message: 1006a 160
Message: 1006a 160
Message: 1006a 160
Message: 1006a 161
Message: 1006a 273
Message: 100da 15
Message: 10072 512
Message: 10072 512
Message: 10072 512
Message: 10072 512
Message: 10072 512
Message: 10072 512
Message: 10072 512
Message: 1006a 512
Message: 1006a 512
Message: 1006a 512
Message: 100d6 512
Message: 100d6 512
Message: 100d6 512
Message: 100d6 512
Message: 100d6 512
Message: 100d6 512
Message: 100d6 512
Message: 100d6 512
Message: 100d6 512
Message: 100d6 512
Message: 100da 512
Message: 100da 512
Message: 100d6 512
Message: 100d6 512
Message: 100d6 512
Message: 100d6 512
Message: 100d6 512
Message: 100d6 512
Message: 100d6 512
Message: 100d6 512
Message: 100d6 512
Message: 1006a 512
Message: 1006a 512
Message: 1006a 512
Message: 1006a 512
Message: 1006a 512
Message: 1006a 512
Message: 1006a 512
Message: 1006a 512
Message: 1006a 512
Message: 1006a 160
Message: 1006a 160
Message: 1006a 160
Message: 1006a 160
Message: 1006a 274
Message: 100da 15
Message: 30564 2025
Message: 30564 2027
Message: 30564 2026
Message: 30564 2029
Message: 30564 15
Message: 105aa 15
Message: 105a8 15
Message: 105a6 15
Message: 105a4 15
Message: 7057c 15
Message: 80580 15
Message: 2055e 15
Message: 20560 15
Message: 20562 15
Message: 3054c 15
Message: 2053c 15
Message: 100da 15
Message: 30564 512
Message: 30564 512
Message: 30564 512
Message: 3054c 512
Message: 30564 512
Message: 30564 512
Message: 30564 512
Message: 30564 512
Message: 30564 512
Message: 30564 512
Message: 105a6 512
Message: 105a6 512
Message: 105a6 512
Message: 105a6 512
Message: 105a6 512
Message: 105a6 512
Message: 105a6 512
Message: 105a6 512
Message: 105a6 512
Message: 105a6 512
Message: 105a6 512
Message: 105a6 512
Message: 30564 512
Message: 30564 512
Message: 30564 512
Message: 30564 512
Message: 30564 512
Message: 30564 512
Message: 30564 512
Message: 30564 512
Message: 30564 512
Message: 105a8 512
Message: 105a8 512
Message: 105a8 512
Message: 105a8 512
Message: 105a8 512
Message: 105a8 512
Message: 105a8 512
Message: 105a8 512
Message: 105a8 512
Message: 105a8 512
Message: 105a8 512
Message: 105a8 512
Message: 105a8 512
Message: 105a8 512
Message: 105a8 512
Message: 105a8 512
Message: 105a8 512
Message: 105a8 512
Message: 105a8 512
Message: 105a8 512
Message: 105a8 512
Message: 105a8 512
Message: 105a8 512
Message: 105a8 512
Message: 105a8 512
Message: 105a8 512
Message: 105a8 512
Message: 105a8 512
Message: 105a8 513
Message: 105a8 15
Message: 2053c 15
Message: 105a8 514
Message: 30564 2031
Message: 100d6 512
